#! /usr/bin/vvp
:ivl_version "12.0 (stable)";
:ivl_delay_selection "TYPICAL";
:vpi_time_precision - 12;
:vpi_module "/usr/lib/x86_64-linux-gnu/ivl/system.vpi";
:vpi_module "/usr/lib/x86_64-linux-gnu/ivl/vhdl_sys.vpi";
:vpi_module "/usr/lib/x86_64-linux-gnu/ivl/vhdl_textio.vpi";
:vpi_module "/usr/lib/x86_64-linux-gnu/ivl/v2005_math.vpi";
:vpi_module "/usr/lib/x86_64-linux-gnu/ivl/va_math.vpi";
:vpi_module "/usr/lib/x86_64-linux-gnu/ivl/v2009.vpi";
S_0x6485762e3cc0 .scope package, "$unit" "$unit" 2 1;
 .timescale 0 0;
S_0x6485762e3e50 .scope module, "axi_addr_decoder_tb" "axi_addr_decoder_tb" 3 3;
 .timescale -9 -12;
v0x648576308610_0 .var "addr", 31 0;
v0x648576308700_0 .var/2s "choice", 31 0;
v0x6485763087c0_0 .var/2s "errors", 31 0;
v0x6485763088b0_0 .var/2s "i", 31 0;
v0x648576308990_0 .var "rand_addr", 31 0;
v0x648576308ac0_0 .net "slave_sel", 2 0, v0x6485763084d0_0;  1 drivers
S_0x6485762a7490 .scope module, "dut" "axi_addr_decoder" 3 8, 4 1 0, S_0x6485762e3e50;
 .timescale 0 0;
    .port_info 0 /INPUT 32 "addr";
    .port_info 1 /OUTPUT 3 "slave_sel";
P_0x6485762a7670 .param/l "S0_BASE" 0 4 2, C4<00000000000000000000000000000000>;
P_0x6485762a76b0 .param/l "S0_SIZE" 0 4 3, C4<00000000000000000001000000000000>;
P_0x6485762a76f0 .param/l "S1_BASE" 0 4 4, C4<00000000000000000001000000000000>;
P_0x6485762a7730 .param/l "S1_SIZE" 0 4 5, C4<00000000000000000001000000000000>;
P_0x6485762a7770 .param/l "S2_BASE" 0 4 6, C4<00000000000000000010000000000000>;
P_0x6485762a77b0 .param/l "S2_SIZE" 0 4 7, C4<00000000000000000001000000000000>;
v0x6485762d9320_0 .net "addr", 31 0, v0x648576308610_0;  1 drivers
v0x6485763084d0_0 .var "slave_sel", 2 0;
E_0x6485762e1290 .event anyedge, v0x6485762d9320_0;
    .scope S_0x6485762a7490;
T_0 ;
Ewait_0 .event/or E_0x6485762e1290, E_0x0;
    %wait Ewait_0;
    %pushi/vec4 0, 0, 3;
    %store/vec4 v0x6485763084d0_0, 0, 3;
    %load/vec4 v0x6485762d9320_0;
    %cmpi/u 0, 0, 32;
    %flag_inv 5; GE is !LT
    %flag_get/vec4 5;
    %jmp/0 T_0.2, 5;
    %load/vec4 v0x6485762d9320_0;
    %cmpi/u 4096, 0, 32;
    %flag_get/vec4 5;
    %and;
T_0.2;
    %flag_set/vec4 8;
    %jmp/0xz  T_0.0, 8;
    %pushi/vec4 1, 0, 3;
    %store/vec4 v0x6485763084d0_0, 0, 3;
    %jmp T_0.1;
T_0.0 ;
    %load/vec4 v0x6485762d9320_0;
    %cmpi/u 4096, 0, 32;
    %flag_inv 5; GE is !LT
    %flag_get/vec4 5;
    %jmp/0 T_0.5, 5;
    %load/vec4 v0x6485762d9320_0;
    %cmpi/u 8192, 0, 32;
    %flag_get/vec4 5;
    %and;
T_0.5;
    %flag_set/vec4 8;
    %jmp/0xz  T_0.3, 8;
    %pushi/vec4 2, 0, 3;
    %store/vec4 v0x6485763084d0_0, 0, 3;
    %jmp T_0.4;
T_0.3 ;
    %load/vec4 v0x6485762d9320_0;
    %cmpi/u 8192, 0, 32;
    %flag_inv 5; GE is !LT
    %flag_get/vec4 5;
    %jmp/0 T_0.8, 5;
    %load/vec4 v0x6485762d9320_0;
    %cmpi/u 12288, 0, 32;
    %flag_get/vec4 5;
    %and;
T_0.8;
    %flag_set/vec4 8;
    %jmp/0xz  T_0.6, 8;
    %pushi/vec4 4, 0, 3;
    %store/vec4 v0x6485763084d0_0, 0, 3;
T_0.6 ;
T_0.4 ;
T_0.1 ;
    %jmp T_0;
    .thread T_0, $push;
    .scope S_0x6485762e3e50;
T_1 ;
    %pushi/vec4 0, 0, 32;
    %store/vec4 v0x6485763087c0_0, 0, 32;
    %vpi_call/w 3 20 "$display", "Starting AXI Address Decoder Tests...\012" {0 0 0};
    %pushi/vec4 4, 0, 32;
    %store/vec4 v0x648576308610_0, 0, 32;
    %delay 10000, 0;
    %load/vec4 v0x648576308ac0_0;
    %cmpi/e 1, 0, 3;
    %jmp/0xz  T_1.0, 6;
    %vpi_call/w 3 24 "$display", "PASS: Slave0 Decode" {0 0 0};
    %jmp T_1.1;
T_1.0 ;
    %vpi_call/w 3 25 "$display", "FAIL: Slave0 Decode (addr=%h, sel=%b)", v0x648576308610_0, v0x648576308ac0_0 {0 0 0};
    ; show_stmt_assign_vector: Get l-value for compressed += operand
    %load/vec4 v0x6485763087c0_0;
    %pushi/vec4 1, 0, 32;
    %add;
    %cast2;
    %store/vec4 v0x6485763087c0_0, 0, 32;
T_1.1 ;
    %pushi/vec4 4132, 0, 32;
    %store/vec4 v0x648576308610_0, 0, 32;
    %delay 10000, 0;
    %load/vec4 v0x648576308ac0_0;
    %cmpi/e 2, 0, 3;
    %jmp/0xz  T_1.2, 6;
    %vpi_call/w 3 29 "$display", "PASS: Slave1 Decode" {0 0 0};
    %jmp T_1.3;
T_1.2 ;
    %vpi_call/w 3 30 "$display", "FAIL: Slave1 Decode (addr=%h, sel=%b)", v0x648576308610_0, v0x648576308ac0_0 {0 0 0};
    ; show_stmt_assign_vector: Get l-value for compressed += operand
    %load/vec4 v0x6485763087c0_0;
    %pushi/vec4 1, 0, 32;
    %add;
    %cast2;
    %store/vec4 v0x6485763087c0_0, 0, 32;
T_1.3 ;
    %pushi/vec4 8328, 0, 32;
    %store/vec4 v0x648576308610_0, 0, 32;
    %delay 10000, 0;
    %load/vec4 v0x648576308ac0_0;
    %cmpi/e 4, 0, 3;
    %jmp/0xz  T_1.4, 6;
    %vpi_call/w 3 34 "$display", "PASS: Slave2 Decode" {0 0 0};
    %jmp T_1.5;
T_1.4 ;
    %vpi_call/w 3 35 "$display", "FAIL: Slave2 Decode (addr=%h, sel=%b)", v0x648576308610_0, v0x648576308ac0_0 {0 0 0};
    ; show_stmt_assign_vector: Get l-value for compressed += operand
    %load/vec4 v0x6485763087c0_0;
    %pushi/vec4 1, 0, 32;
    %add;
    %cast2;
    %store/vec4 v0x6485763087c0_0, 0, 32;
T_1.5 ;
    %pushi/vec4 12288, 0, 32;
    %store/vec4 v0x648576308610_0, 0, 32;
    %delay 10000, 0;
    %load/vec4 v0x648576308ac0_0;
    %cmpi/e 0, 0, 3;
    %jmp/0xz  T_1.6, 6;
    %vpi_call/w 3 39 "$display", "PASS: Invalid Address" {0 0 0};
    %jmp T_1.7;
T_1.6 ;
    %vpi_call/w 3 40 "$display", "FAIL: Invalid Address (addr=%h, sel=%b)", v0x648576308610_0, v0x648576308ac0_0 {0 0 0};
    ; show_stmt_assign_vector: Get l-value for compressed += operand
    %load/vec4 v0x6485763087c0_0;
    %pushi/vec4 1, 0, 32;
    %add;
    %cast2;
    %store/vec4 v0x6485763087c0_0, 0, 32;
T_1.7 ;
    %pushi/vec4 0, 0, 32;
    %store/vec4 v0x6485763088b0_0, 0, 32;
T_1.8 ;
    %load/vec4 v0x6485763088b0_0;
    %cmpi/s 100, 0, 32;
    %jmp/0xz T_1.9, 5;
    %vpi_func 3 44 "$urandom_range" 32, 32'sb00000000000000000000000000000000, 32'sb00000000000000000000000000000011 {0 0 0};
    %cast2;
    %store/vec4 v0x648576308700_0, 0, 32;
    %load/vec4 v0x648576308700_0;
    %dup/vec4;
    %pushi/vec4 0, 0, 32;
    %cmp/u;
    %jmp/1 T_1.10, 6;
    %dup/vec4;
    %pushi/vec4 1, 0, 32;
    %cmp/u;
    %jmp/1 T_1.11, 6;
    %dup/vec4;
    %pushi/vec4 2, 0, 32;
    %cmp/u;
    %jmp/1 T_1.12, 6;
    %dup/vec4;
    %pushi/vec4 3, 0, 32;
    %cmp/u;
    %jmp/1 T_1.13, 6;
    %jmp T_1.14;
T_1.10 ;
    %pushi/vec4 0, 0, 32;
    %vpi_func 3 46 "$urandom_range" 32, 32'sb00000000000000000000000000000000, 32'b00000000000000000000111111111111 {0 0 0};
    %add;
    %store/vec4 v0x648576308990_0, 0, 32;
    %jmp T_1.14;
T_1.11 ;
    %pushi/vec4 4096, 0, 32;
    %vpi_func 3 47 "$urandom_range" 32, 32'sb00000000000000000000000000000000, 32'b00000000000000000000111111111111 {0 0 0};
    %add;
    %store/vec4 v0x648576308990_0, 0, 32;
    %jmp T_1.14;
T_1.12 ;
    %pushi/vec4 8192, 0, 32;
    %vpi_func 3 48 "$urandom_range" 32, 32'sb00000000000000000000000000000000, 32'b00000000000000000000111111111111 {0 0 0};
    %add;
    %store/vec4 v0x648576308990_0, 0, 32;
    %jmp T_1.14;
T_1.13 ;
    %vpi_func 3 50 "$urandom" 32 {0 0 0};
    %store/vec4 v0x648576308990_0, 0, 32;
T_1.15 ;
    %load/vec4 v0x648576308990_0;
    %cmpi/u 12288, 0, 32;
    %jmp/0xz T_1.16, 5;
    %vpi_func 3 52 "$urandom" 32 {0 0 0};
    %store/vec4 v0x648576308990_0, 0, 32;
    %jmp T_1.15;
T_1.16 ;
    %jmp T_1.14;
T_1.14 ;
    %pop/vec4 1;
    %load/vec4 v0x648576308990_0;
    %store/vec4 v0x648576308610_0, 0, 32;
    %delay 10000, 0;
    %load/vec4 v0x648576308610_0;
    %cmpi/u 0, 0, 32;
    %flag_inv 5; GE is !LT
    %flag_get/vec4 5;
    %jmp/0 T_1.19, 5;
    %load/vec4 v0x648576308610_0;
    %cmpi/u 4096, 0, 32;
    %flag_get/vec4 5;
    %and;
T_1.19;
    %flag_set/vec4 8;
    %jmp/0xz  T_1.17, 8;
    %load/vec4 v0x648576308ac0_0;
    %cmpi/ne 1, 0, 3;
    %jmp/0xz  T_1.20, 6;
    ; show_stmt_assign_vector: Get l-value for compressed += operand
    %load/vec4 v0x6485763087c0_0;
    %pushi/vec4 1, 0, 32;
    %add;
    %cast2;
    %store/vec4 v0x6485763087c0_0, 0, 32;
T_1.20 ;
    %jmp T_1.18;
T_1.17 ;
    %load/vec4 v0x648576308610_0;
    %cmpi/u 4096, 0, 32;
    %flag_inv 5; GE is !LT
    %flag_get/vec4 5;
    %jmp/0 T_1.24, 5;
    %load/vec4 v0x648576308610_0;
    %cmpi/u 8192, 0, 32;
    %flag_get/vec4 5;
    %and;
T_1.24;
    %flag_set/vec4 8;
    %jmp/0xz  T_1.22, 8;
    %load/vec4 v0x648576308ac0_0;
    %cmpi/ne 2, 0, 3;
    %jmp/0xz  T_1.25, 6;
    ; show_stmt_assign_vector: Get l-value for compressed += operand
    %load/vec4 v0x6485763087c0_0;
    %pushi/vec4 1, 0, 32;
    %add;
    %cast2;
    %store/vec4 v0x6485763087c0_0, 0, 32;
T_1.25 ;
    %jmp T_1.23;
T_1.22 ;
    %load/vec4 v0x648576308610_0;
    %cmpi/u 8192, 0, 32;
    %flag_inv 5; GE is !LT
    %flag_get/vec4 5;
    %jmp/0 T_1.29, 5;
    %load/vec4 v0x648576308610_0;
    %cmpi/u 12288, 0, 32;
    %flag_get/vec4 5;
    %and;
T_1.29;
    %flag_set/vec4 8;
    %jmp/0xz  T_1.27, 8;
    %load/vec4 v0x648576308ac0_0;
    %cmpi/ne 4, 0, 3;
    %jmp/0xz  T_1.30, 6;
    ; show_stmt_assign_vector: Get l-value for compressed += operand
    %load/vec4 v0x6485763087c0_0;
    %pushi/vec4 1, 0, 32;
    %add;
    %cast2;
    %store/vec4 v0x6485763087c0_0, 0, 32;
T_1.30 ;
    %jmp T_1.28;
T_1.27 ;
    %load/vec4 v0x648576308ac0_0;
    %cmpi/ne 0, 0, 3;
    %jmp/0xz  T_1.32, 6;
    ; show_stmt_assign_vector: Get l-value for compressed += operand
    %load/vec4 v0x6485763087c0_0;
    %pushi/vec4 1, 0, 32;
    %add;
    %cast2;
    %store/vec4 v0x6485763087c0_0, 0, 32;
T_1.32 ;
T_1.28 ;
T_1.23 ;
T_1.18 ;
    ; show_stmt_assign_vector: Get l-value for compressed += operand
    %load/vec4 v0x6485763088b0_0;
    %pushi/vec4 1, 0, 32;
    %add;
    %cast2;
    %store/vec4 v0x6485763088b0_0, 0, 32;
    %jmp T_1.8;
T_1.9 ;
    %load/vec4 v0x6485763087c0_0;
    %cmpi/e 0, 0, 32;
    %jmp/0xz  T_1.34, 4;
    %vpi_call/w 3 69 "$display", "PASS: Random Regression (100 Tests)" {0 0 0};
    %jmp T_1.35;
T_1.34 ;
    %vpi_call/w 3 70 "$display", "FAIL: Random Regression with %0d errors", v0x6485763087c0_0 {0 0 0};
T_1.35 ;
    %vpi_call/w 3 72 "$display", "\012ALL TESTS PASSED" {0 0 0};
    %vpi_call/w 3 73 "$finish" {0 0 0};
    %end;
    .thread T_1;
# The file index is used to find the file name in the following table.
:file_names 5;
    "N/A";
    "<interactive>";
    "-";
    "tb/unit/axi_addr_decoder_tb.sv";
    "rtl/decoder/axi_addr_decoder.sv";
